# JRE version: Java(TM) SE Runtime Environment (8.0_211-b12) (build 1.8.0_211-b12)
# Java VM: Java HotSpot(TM) 64-Bit Server VM (25.211-b12 mixed mode windows-amd64 compressed oops)
Heap:
 PSYoungGen      total 140288K, used 18144K [0x00000000f5580000, 0x0000000100000000, 0x0000000100000000)
  eden space 108032K, 0% used [0x00000000f5580000,0x00000000f5580000,0x00000000fbf00000)
  from space 32256K, 56% used [0x00000000fbf00000,0x00000000fd0b8030,0x00000000fde80000)
  to   space 32256K, 0% used [0x00000000fe080000,0x00000000fe080000,0x0000000100000000)
 ParOldGen       total 187392K, used 172155K [0x00000000e0000000, 0x00000000eb700000, 0x00000000f5580000)
  object space 187392K, 91% used [0x00000000e0000000,0x00000000ea81eec0,0x00000000eb700000)
 Metaspace       used 78954K, capacity 84366K, committed 84608K, reserved 1122304K
  class space    used 10575K, capacity 11762K, committed 11904K, reserved 1048576K
GC Heap History (10 events):
Event: 12752.701 GC heap after
Heap after GC invocations=35 (full 4):
 PSYoungGen      total 140288K, used 21662K [0x00000000f5580000, 0x0000000100000000, 0x0000000100000000)
  eden space 108032K, 0% used [0x00000000f5580000,0x00000000f5580000,0x00000000fbf00000)
  from space 32256K, 67% used [0x00000000fbf00000,0x00000000fd4279c0,0x00000000fde80000)
  to   space 33280K, 0% used [0x00000000fdf80000,0x00000000fdf80000,0x0000000100000000)
 ParOldGen       total 187392K, used 119947K [0x00000000e0000000, 0x00000000eb700000, 0x00000000f5580000)
  object space 187392K, 64% used [0x00000000e0000000,0x00000000e7522f98,0x00000000eb700000)
 Metaspace       used 78430K, capacity 83788K, committed 84224K, reserved 1122304K
  class space    used 10520K, capacity 11703K, committed 11776K, reserved 1048576K
}
Event: 12755.948 GC heap before
{Heap before GC invocations=36 (full 4):
 PSYoungGen      total 140288K, used 129694K [0x00000000f5580000, 0x0000000100000000, 0x0000000100000000)
  eden space 108032K, 100% used [0x00000000f5580000,0x00000000fbf00000,0x00000000fbf00000)
  from space 32256K, 67% used [0x00000000fbf00000,0x00000000fd4279c0,0x00000000fde80000)
  to   space 33280K, 0% used [0x00000000fdf80000,0x00000000fdf80000,0x0000000100000000)
 ParOldGen       total 187392K, used 119947K [0x00000000e0000000, 0x00000000eb700000, 0x00000000f5580000)
  object space 187392K, 64% used [0x00000000e0000000,0x00000000e7522f98,0x00000000eb700000)
 Metaspace       used 78612K, capacity 83922K, committed 84224K, reserved 1122304K
  class space    used 10536K, capacity 11704K, committed 11776K, reserved 1048576K
Event: 12756.089 GC heap after
Heap after GC invocations=36 (full 4):
 PSYoungGen      total 141312K, used 18289K [0x00000000f5580000, 0x0000000100000000, 0x0000000100000000)
  eden space 108032K, 0% used [0x00000000f5580000,0x00000000f5580000,0x00000000fbf00000)
  from space 33280K, 54% used [0x00000000fdf80000,0x00000000ff15c4a0,0x0000000100000000)
  to   space 33280K, 0% used [0x00000000fbf00000,0x00000000fbf00000,0x00000000fdf80000)
 ParOldGen       total 187392K, used 138507K [0x00000000e0000000, 0x00000000eb700000, 0x00000000f5580000)
  object space 187392K, 73% used [0x00000000e0000000,0x00000000e8742f30,0x00000000eb700000)
 Metaspace       used 78612K, capacity 83922K, committed 84224K, reserved 1122304K
  class space    used 10536K, capacity 11704K, committed 11776K, reserved 1048576K
}
Event: 12759.086 GC heap before
{Heap before GC invocations=37 (full 4):
 PSYoungGen      total 141312K, used 126321K [0x00000000f5580000, 0x0000000100000000, 0x0000000100000000)
  eden space 108032K, 100% used [0x00000000f5580000,0x00000000fbf00000,0x00000000fbf00000)
  from space 33280K, 54% used [0x00000000fdf80000,0x00000000ff15c4a0,0x0000000100000000)
  to   space 33280K, 0% used [0x00000000fbf00000,0x00000000fbf00000,0x00000000fdf80000)
 ParOldGen       total 187392K, used 138507K [0x00000000e0000000, 0x00000000eb700000, 0x00000000f5580000)
  object space 187392K, 73% used [0x00000000e0000000,0x00000000e8742f30,0x00000000eb700000)
 Metaspace       used 78646K, capacity 83922K, committed 84224K, reserved 1122304K
  class space    used 10536K, capacity 11704K, committed 11776K, reserved 1048576K
Event: 12759.145 GC heap after
Heap after GC invocations=37 (full 4):
 PSYoungGen      total 141312K, used 3392K [0x00000000f5580000, 0x0000000100000000, 0x0000000100000000)
  eden space 108032K, 0% used [0x00000000f5580000,0x00000000f5580000,0x00000000fbf00000)
  from space 33280K, 10% used [0x00000000fbf00000,0x00000000fc250030,0x00000000fdf80000)
  to   space 33280K, 0% used [0x00000000fdf80000,0x00000000fdf80000,0x0000000100000000)
 ParOldGen       total 187392K, used 154481K [0x00000000e0000000, 0x00000000eb700000, 0x00000000f5580000)
  object space 187392K, 82% used [0x00000000e0000000,0x00000000e96dc7a8,0x00000000eb700000)
 Metaspace       used 78646K, capacity 83922K, committed 84224K, reserved 1122304K
  class space    used 10536K, capacity 11704K, committed 11776K, reserved 1048576K
}
Event: 15324.521 GC heap before
{Heap before GC invocations=38 (full 4):
 PSYoungGen      total 141312K, used 111424K [0x00000000f5580000, 0x0000000100000000, 0x0000000100000000)
  eden space 108032K, 100% used [0x00000000f5580000,0x00000000fbf00000,0x00000000fbf00000)
  from space 33280K, 10% used [0x00000000fbf00000,0x00000000fc250030,0x00000000fdf80000)
  to   space 33280K, 0% used [0x00000000fdf80000,0x00000000fdf80000,0x0000000100000000)
 ParOldGen       total 187392K, used 154481K [0x00000000e0000000, 0x00000000eb700000, 0x00000000f5580000)
  object space 187392K, 82% used [0x00000000e0000000,0x00000000e96dc7a8,0x00000000eb700000)
 Metaspace       used 78910K, capacity 84294K, committed 84608K, reserved 1122304K
  class space    used 10566K, capacity 11750K, committed 11904K, reserved 1048576K
Event: 15324.624 GC heap after
Heap after GC invocations=38 (full 4):
 PSYoungGen      total 139264K, used 16848K [0x00000000f5580000, 0x00000000ffe00000, 0x0000000100000000)
  eden space 108032K, 0% used [0x00000000f5580000,0x00000000f5580000,0x00000000fbf00000)
  from space 31232K, 53% used [0x00000000fdf80000,0x00000000feff4340,0x00000000ffe00000)
  to   space 32256K, 0% used [0x00000000fbf00000,0x00000000fbf00000,0x00000000fde80000)
 ParOldGen       total 187392K, used 156157K [0x00000000e0000000, 0x00000000eb700000, 0x00000000f5580000)
  object space 187392K, 83% used [0x00000000e0000000,0x00000000e987f418,0x00000000eb700000)
 Metaspace       used 78910K, capacity 84294K, committed 84608K, reserved 1122304K
  class space    used 10566K, capacity 11750K, committed 11904K, reserved 1048576K
}
Event: 15343.005 GC heap before
{Heap before GC invocations=39 (full 4):
 PSYoungGen      total 139264K, used 124880K [0x00000000f5580000, 0x00000000ffe00000, 0x0000000100000000)
  eden space 108032K, 100% used [0x00000000f5580000,0x00000000fbf00000,0x00000000fbf00000)
  from space 31232K, 53% used [0x00000000fdf80000,0x00000000feff4340,0x00000000ffe00000)
  to   space 32256K, 0% used [0x00000000fbf00000,0x00000000fbf00000,0x00000000fde80000)
 ParOldGen       total 187392K, used 156157K [0x00000000e0000000, 0x00000000eb700000, 0x00000000f5580000)
  object space 187392K, 83% used [0x00000000e0000000,0x00000000e987f418,0x00000000eb700000)
 Metaspace       used 78954K, capacity 84366K, committed 84608K, reserved 1122304K
  class space    used 10575K, capacity 11762K, committed 11904K, reserved 1048576K
Event: 15343.633 GC heap after
Heap after GC invocations=39 (full 4):
 PSYoungGen      total 140288K, used 18144K [0x00000000f5580000, 0x0000000100000000, 0x0000000100000000)
  eden space 108032K, 0% used [0x00000000f5580000,0x00000000f5580000,0x00000000fbf00000)
  from space 32256K, 56% used [0x00000000fbf00000,0x00000000fd0b8030,0x00000000fde80000)
  to   space 32256K, 0% used [0x00000000fe080000,0x00000000fe080000,0x0000000100000000)
 ParOldGen       total 187392K, used 172155K [0x00000000e0000000, 0x00000000eb700000, 0x00000000f5580000)
  object space 187392K, 91% used [0x00000000e0000000,0x00000000ea81eec0,0x00000000eb700000)
 Metaspace       used 78954K, capacity 84366K, committed 84608K, reserved 1122304K
  class space    used 10575K, capacity 11762K, committed 11904K, reserved 1048576K
}
Event: 15343.647 GC heap before
{Heap before GC invocations=40 (full 5):
 PSYoungGen      total 140288K, used 18144K [0x00000000f5580000, 0x0000000100000000, 0x0000000100000000)
  eden space 108032K, 0% used [0x00000000f5580000,0x00000000f5580000,0x00000000fbf00000)
  from space 32256K, 56% used [0x00000000fbf00000,0x00000000fd0b8030,0x00000000fde80000)
  to   space 32256K, 0% used [0x00000000fe080000,0x00000000fe080000,0x0000000100000000)
 ParOldGen       total 187392K, used 172155K [0x00000000e0000000, 0x00000000eb700000, 0x00000000f5580000)
  object space 187392K, 91% used [0x00000000e0000000,0x00000000ea81eec0,0x00000000eb700000)
 Metaspace       used 78954K, capacity 84366K, committed 84608K, reserved 1122304K
  class space    used 10575K, capacity 11762K, committed 11904K, reserved 1048576K

